C51 COMPILER V9.54   LCD_20X4_C_FILE                                                       05/25/2017 11:20:45 PAGE 1   


C51 COMPILER V9.54, COMPILATION OF MODULE LCD_20X4_C_FILE
OBJECT MODULE PLACED IN .\Objects\LCD_20x4_C_file.obj
COMPILER INVOKED BY: C:\Keil_v5\C51\BIN\C51.EXE LCD_20x4_C_file.c OPTIMIZE(8,SPEED) BROWSE DEBUG OBJECTEXTEND PRINT(.\Li
                    -stings\LCD_20x4_C_file.lst) TABS(2) OBJECT(.\Objects\LCD_20x4_C_file.obj)

line level    source

   1          /*
   2             LCD_20x4_C_file.c
   3             http://www.electronicwings.com
   4           */
   5          
   6          
   7          #include "LCD_20x4_H_file.h"            /* Include LCD header file */
   8          
   9          
  10          void LCD_Command (char cmd)             /* LCD command write function */
  11          {
  12   1        LCD_Data_Port = cmd;              /* Write command data to LCD data port */
  13   1        RS = 0;     /* Make RS LOW (command reg.), RW LOW (Write) */
  14   1        RW = 0;
  15   1        EN = 1;         /* High to Low transition on EN (Enable) */
  16   1        delay(1);
  17   1        EN = 0;
  18   1        delay(5);                 /* Wait little bit */
  19   1      }
  20          
  21          void LCD_Char (char char_data)/* LCD data write function */
  22          {
  23   1        LCD_Data_Port = char_data;  /* Write data to LCD data port */
  24   1        RS = 1;                     /* Make RS LOW (command reg.), RW LOW (Write) */
  25   1        RW = 0;
  26   1        EN = 1;                     /* High to Low transition on EN (Enable) */
  27   1        delay(1);
  28   1        EN = 0;
  29   1        delay(5);             /* Wait little bit */
  30   1      }
  31          
  32          void LCD_Init (void)                /* LCD Initialize function */
  33          { 
  34   1        delay(30);                  /* LCD power up time to get things ready, it should always >15ms */
  35   1        LCD_Command (0x38);               /* Initialize 16X2 LCD in 8bit mode */
  36   1        LCD_Command (0x0C);               /* Display ON, Cursor OFF command */
  37   1        LCD_Command (0x06);               /* Auto Increment cursor */
  38   1        LCD_Command (0x01);               /* Clear LCD command */
  39   1        delay(3);
  40   1        LCD_Command (0x80);               /* 8 is for first line and 0 is for 0th position */
  41   1      }
  42          
  43          void LCD_String (char *str)             /* Send string to LCD function */
  44          {
  45   1        int i;
  46   1        for(i=0;str[i]!=0;i++)              /* Send each char of string till the NULL */
  47   1        {
  48   2          LCD_Char (str[i]);              /* Call LCD data write */
  49   2        }
  50   1      }
  51          
  52          void LCD_String_xy (char row, char pos, char *str)  /* Send string to LCD function */
  53          {
  54   1        if (row == 1)
C51 COMPILER V9.54   LCD_20X4_C_FILE                                                       05/25/2017 11:20:45 PAGE 2   

  55   1          LCD_Command((pos & 0x0F)|0x80);       /* Command of first row and required position<16 */
  56   1        else if (row == 2)
  57   1          LCD_Command((pos & 0x0F)|0xC0);       /* Command of Second row and required position<16 */
  58   1        else if (row == 3)
  59   1          LCD_Command((pos & 0x0F)|0x94);       /* Command of Third row and required position<16 */
  60   1        else if (row == 4)
  61   1          LCD_Command((pos & 0x0F)|0xD4);       /* Command of Fourth row and required position<16 */
  62   1        LCD_String(str);                /* Call LCD string function */
  63   1      }
  64          
  65          void LCD_Clear (void)               /* LCD clear function */
  66          {
  67   1        LCD_Command (0x01);               /* Clear LCD command */
  68   1        delay(5);
  69   1        LCD_Command (0x80);               /* 8 is for first line and 0 is for 0th position */
  70   1        
  71   1      }
  72          void delay(int k)
  73          {
  74   1        int i,j;
  75   1        for (i=0;i<k;i++)
  76   1          for (j=0;j<112;j++);
  77   1      }


MODULE INFORMATION:   STATIC OVERLAYABLE
   CODE SIZE        =    250    ----
   CONSTANT SIZE    =   ----    ----
   XDATA SIZE       =   ----    ----
   PDATA SIZE       =   ----    ----
   DATA SIZE        =   ----      10
   IDATA SIZE       =   ----    ----
   BIT SIZE         =   ----    ----
END OF MODULE INFORMATION.


C51 COMPILATION COMPLETE.  0 WARNING(S),  0 ERROR(S)
