C51 COMPILER V9.54   USART_INTERRUPT                                                       05/25/2017 11:20:45 PAGE 1   


C51 COMPILER V9.54, COMPILATION OF MODULE USART_INTERRUPT
OBJECT MODULE PLACED IN .\Objects\USART_Interrupt.obj
COMPILER INVOKED BY: C:\Keil_v5\C51\BIN\C51.EXE USART_Interrupt.c OPTIMIZE(8,SPEED) BROWSE DEBUG OBJECTEXTEND PRINT(.\Li
                    -stings\USART_Interrupt.lst) TABS(2) OBJECT(.\Objects\USART_Interrupt.obj)

line level    source

   1          /*
   2             UART_C_file.c
   3             http://www.electronicwings.com
   4           */
   5          
   6          #include<USART_Interrupt.h>
   7          
   8          void Ext_int_Init()       
   9          {
  10   1        EA  = 1;              /* Enable global interrupt */
  11   1        ES = 1;               /* Enable Ext. interrupt0 */      
  12   1      }
  13          
  14          void UART_Init()
  15          {
  16   1        TMOD = 0x20;          /* Timer 1, 8-bit auto reload mode */
  17   1        TH1 = 0xFD;           /* Load value for 9600 baud rate */
  18   1        SCON = 0x50;          /* Mode 1, reception enable */
  19   1        TR1 = 1;              /* Start timer 1 */
  20   1      }


MODULE INFORMATION:   STATIC OVERLAYABLE
   CODE SIZE        =     17    ----
   CONSTANT SIZE    =   ----    ----
   XDATA SIZE       =   ----    ----
   PDATA SIZE       =   ----    ----
   DATA SIZE        =   ----    ----
   IDATA SIZE       =   ----    ----
   BIT SIZE         =   ----    ----
END OF MODULE INFORMATION.


C51 COMPILATION COMPLETE.  0 WARNING(S),  0 ERROR(S)
